library/build/intermediates/manifest_merge_blame_file/release/manifest-merger-blame-release-report.txt
1<?xml version="1.0" encoding="utf-8"?>
2<manifest xmlns:android="http://schemas.android.com/apk/res/android"
3    package="jp.co.mot.testsdk"
4    android:versionCode="1"
5    android:versionName="1.0" >
6
7    <uses-sdk
8        android:minSdkVersion="23"
8-->src/main/AndroidManifest.xml
9        android:targetSdkVersion="30" />
9-->src/main/AndroidManifest.xml
10
11    <application
11-->src/main/AndroidManifest.xml:5:5-22:19
12        android:allowBackup="true"
12-->src/main/AndroidManifest.xml:6:9-35
13        android:icon="@mipmap/ic_launcher"
13-->src/main/AndroidManifest.xml:7:9-43
14        android:label="@string/app_name"
14-->src/main/AndroidManifest.xml:8:9-41
15        android:roundIcon="@mipmap/ic_launcher_round"
15-->src/main/AndroidManifest.xml:9:9-54
16        android:supportsRtl="true"
16-->src/main/AndroidManifest.xml:10:9-35
17        android:theme="@style/AppTheme" >
17-->src/main/AndroidManifest.xml:11:9-40
18        <activity
18-->src/main/AndroidManifest.xml:12:9-21:20
19            android:name="jp.co.mot.testsdk.MainActivity"
19-->src/main/AndroidManifest.xml:13:13-41
20            android:label="@string/app_name"
20-->src/main/AndroidManifest.xml:14:13-45
21            android:theme="@style/AppTheme.NoActionBar" >
21-->src/main/AndroidManifest.xml:15:13-56
22            <intent-filter>
22-->src/main/AndroidManifest.xml:16:13-20:29
23                <action android:name="android.intent.action.MAIN" />
23-->src/main/AndroidManifest.xml:17:17-69
23-->src/main/AndroidManifest.xml:17:25-66
24
25                <category android:name="android.intent.category.LAUNCHER" />
25-->src/main/AndroidManifest.xml:19:17-77
25-->src/main/AndroidManifest.xml:19:27-74
26            </intent-filter>
27        </activity>
28    </application>
29
30</manifest>